Base path: C:/Program Files/Unity/Editor/Data
Pipe name: \\.\pipe\UnityShaderCompiler-64bit-1-7604
Cmd: getPlatforms
Cmd: preprocess
  insize=2940 outsize=889 ok=1
Cmd: compileSnippet
  api=4 type=0 insize=2353 outsize=1534 kw=_TEX_OFF _COLOR_OFF ok=1
Cmd: compileSnippet
  api=4 type=1 insize=2353 outsize=729 kw=_TEX_OFF _COLOR_OFF ok=1
Cmd: preprocess
  insize=1842 outsize=1075 ok=1
Cmd: compileSnippet
  api=4 type=0 insize=1068 outsize=1209 kw= ok=1
Cmd: compileSnippet
  api=4 type=1 insize=1068 outsize=469 kw= ok=1
Cmd: compileSnippet
  api=4 type=0 insize=2353 outsize=1753 kw=_COLOR_OFF _TEX_ON ok=1
Cmd: compileSnippet
  api=4 type=1 insize=2353 outsize=989 kw=_COLOR_OFF _TEX_ON ok=1
Cmd: compileSnippet
  api=4 type=0 insize=751 outsize=3776 kw=SHADOWS_DEPTH _ALPHAPREMULTIPLY_ON ok=1
Cmd: compileSnippet
  api=4 type=1 insize=751 outsize=1233 kw=SHADOWS_DEPTH _ALPHAPREMULTIPLY_ON ok=1
Cmd: compileSnippet
  api=4 type=0 insize=982 outsize=3979 kw=DIRECTIONAL SHADOWS_OFF LIGHTMAP_OFF DIRLIGHTMAP_OFF DYNAMICLIGHTMAP_OFF _ALPHAPREMULTIPLY_ON ok=1
Cmd: compileSnippet
  api=4 type=1 insize=982 outsize=10650 kw=DIRECTIONAL SHADOWS_OFF LIGHTMAP_OFF DIRLIGHTMAP_OFF DYNAMICLIGHTMAP_OFF _ALPHAPREMULTIPLY_ON ok=1
Cmd: compileSnippet
  api=4 type=0 insize=938 outsize=4036 kw=DIRECTIONAL SHADOWS_OFF _ALPHAPREMULTIPLY_ON ok=1
Cmd: compileSnippet
  api=4 type=1 insize=938 outsize=5669 kw=DIRECTIONAL SHADOWS_OFF _ALPHAPREMULTIPLY_ON ok=1
Cmd: compileSnippet
  api=4 type=0 insize=982 outsize=3979 kw=DIRECTIONAL SHADOWS_OFF LIGHTMAP_OFF DIRLIGHTMAP_OFF DYNAMICLIGHTMAP_OFF _EMISSION ok=1
Cmd: compileSnippet
  api=4 type=1 insize=982 outsize=10772 kw=DIRECTIONAL SHADOWS_OFF LIGHTMAP_OFF DIRLIGHTMAP_OFF DYNAMICLIGHTMAP_OFF _EMISSION ok=1
Cmd: compileSnippet
  api=4 type=0 insize=2353 outsize=1753 kw=_COLOR_ON _TEX_ON ok=1
Cmd: compileSnippet
  api=4 type=1 insize=2353 outsize=1054 kw=_COLOR_ON _TEX_ON ok=1
Cmd: compileSnippet
  api=4 type=0 insize=2353 outsize=1534 kw=_TEX_OFF _COLOR_ON ok=1
Cmd: compileSnippet
  api=4 type=1 insize=2353 outsize=794 kw=_TEX_OFF _COLOR_ON ok=1
